0 info it worked if it ends with ok
1 verbose cli [ '/usr/local/bin/node',
1 verbose cli   '/usr/local/bin/npm',
1 verbose cli   'build',
1 verbose cli   'package.json' ]
2 info using npm@3.8.3
3 info using node@v5.10.1
4 info build /home/georgeh/GitHub/quake-log-parser/package.json
5 verbose stack Error: ENOTDIR: not a directory, open '/home/georgeh/GitHub/quake-log-parser/package.json/package.json'
5 verbose stack     at Error (native)
6 verbose cwd /home/georgeh/GitHub/quake-log-parser
7 error Linux 4.4.0-83-generic
8 error argv "/usr/local/bin/node" "/usr/local/bin/npm" "build" "package.json"
9 error node v5.10.1
10 error npm  v3.8.3
11 error path /home/georgeh/GitHub/quake-log-parser/package.json/package.json
12 error code ENOTDIR
13 error errno -20
14 error syscall open
15 error ENOTDIR: not a directory, open '/home/georgeh/GitHub/quake-log-parser/package.json/package.json'
16 error If you need help, you may report this error at:
16 error     <https://github.com/npm/npm/issues>
17 verbose exit [ -20, true ]
